>>> Configuration
{'dataset_filepath': '/home/yw7bh/data/Projects/FunBench/ProBST/experiments/contacts_rr5A_64nn_8192.h5', 'train_selection_filepath': '/home/yw7bh/data/Projects/FunBench/ProBST/datasets/subunits_train_set.txt', 'test_selection_filepath': '/home/yw7bh/data/Projects/FunBench/ProBST/datasets/subunits_validation_set.txt', 'new_selection_filepath': '/home/yw7bh/data/Projects/FunBench/construct_testset/data/nonredundant_thre-2022-01-01_seq-id-0.3.txt', 'max_ba': 1, 'max_size': 3072, 'min_num_res': 48, 'l_types': ['GLU', 'LEU', 'ALA', 'ASP', 'SER', 'VAL', 'GLY', 'THR', 'ARG', 'PHE', 'TYR', 'ILE', 'PRO', 'ASN', 'LYS', 'GLN', 'HIS', 'TRP', 'MET', 'CYS'], 'r_types': [['GLU', 'LEU', 'ALA', 'ASP', 'SER', 'VAL', 'GLY', 'THR', 'ARG', 'PHE', 'TYR', 'ILE', 'PRO', 'ASN', 'LYS', 'GLN', 'HIS', 'TRP', 'MET', 'CYS'], ['DA', 'DT', 'DG', 'DC', 'A', 'U', 'G', 'C'], ['MG', 'ZN', 'CL', 'CA', 'NA', 'MN', 'K', 'IOD', 'CD', 'CU', 'FE', 'NI', 'SR', 'BR', 'CO', 'HG'], ['SO4', 'NAG', 'PO4', 'EDO', 'ACT', 'MAN', 'HEM', 'FMT', 'BMA', 'ADP', 'FAD', 'NAD', 'NO3', 'GLC', 'ATP', 'NAP', 'BGC', 'GDP', 'FUC', 'FES', 'FMN', 'GAL', 'GTP', 'PLP', 'MLI', 'ANP', 'H4B', 'AMP', 'NDP', 'SAH', 'OXY'], ['PLM', 'CLR', 'CDL', 'RET']]}
{'run_name': 'model__2025-03-23_17-23', 'output_dir': 'save', 'reload': True, 'device': 'cpu', 'num_epochs': 500, 'batch_size': 1, 'log_step': 1225, 'eval_step': 1225, 'eval_size': 636, 'learning_rate': 0.001, 'pos_weight_factor': 0.5, 'comment': ''}
>>> Model
> 3344273 parameters
> training data size: 99943
>>> start extracting the features
>>> Configuration
{'dataset_filepath': '/home/yw7bh/data/Projects/FunBench/ProBST/experiments/contacts_rr5A_64nn_8192.h5', 'train_selection_filepath': '/home/yw7bh/data/Projects/FunBench/ProBST/datasets/subunits_train_set.txt', 'test_selection_filepath': '/home/yw7bh/data/Projects/FunBench/ProBST/datasets/subunits_validation_set.txt', 'new_selection_filepath': '/home/yw7bh/data/Projects/FunBench/construct_testset/data/nonredundant_thre-2022-01-01_seq-id-0.3.txt', 'max_ba': 1, 'max_size': 8192, 'min_num_res': 48, 'l_types': ['GLU', 'LEU', 'ALA', 'ASP', 'SER', 'VAL', 'GLY', 'THR', 'ARG', 'PHE', 'TYR', 'ILE', 'PRO', 'ASN', 'LYS', 'GLN', 'HIS', 'TRP', 'MET', 'CYS'], 'r_types': [['GLU', 'LEU', 'ALA', 'ASP', 'SER', 'VAL', 'GLY', 'THR', 'ARG', 'PHE', 'TYR', 'ILE', 'PRO', 'ASN', 'LYS', 'GLN', 'HIS', 'TRP', 'MET', 'CYS'], ['DA', 'DT', 'DG', 'DC', 'A', 'U', 'G', 'C'], ['MG', 'ZN', 'CL', 'CA', 'NA', 'MN', 'K', 'IOD', 'CD', 'CU', 'FE', 'NI', 'SR', 'BR', 'CO', 'HG'], ['SO4', 'NAG', 'PO4', 'EDO', 'ACT', 'MAN', 'HEM', 'FMT', 'BMA', 'ADP', 'FAD', 'NAD', 'NO3', 'GLC', 'ATP', 'NAP', 'BGC', 'GDP', 'FUC', 'FES', 'FMN', 'GAL', 'GTP', 'PLP', 'MLI', 'ANP', 'H4B', 'AMP', 'NDP', 'SAH', 'OXY'], ['PLM', 'CLR', 'CDL', 'RET']]}
{'run_name': 'model__2025-03-23_17-32', 'output_dir': 'save', 'reload': True, 'device': 'cpu', 'num_epochs': 500, 'batch_size': 1, 'log_step': 1225, 'eval_step': 1225, 'eval_size': 636, 'learning_rate': 0.001, 'pos_weight_factor': 0.5, 'comment': ''}
>>> Model
> 3344273 parameters
> training data size: 114658
>>> start extracting the features
>>> Configuration
{'dataset_filepath': '/home/yw7bh/data/Projects/FunBench/ProBST/experiments/contacts_rr5A_64nn_8192.h5', 'train_selection_filepath': '/home/yw7bh/data/Projects/FunBench/ProBST/datasets/subunits_train_set.txt', 'test_selection_filepath': '/home/yw7bh/data/Projects/FunBench/ProBST/datasets/subunits_validation_set.txt', 'new_selection_filepath': '/home/yw7bh/data/Projects/FunBench/construct_testset/data/nonredundant_thre-2022-01-01_seq-id-0.3.txt', 'max_ba': 1, 'max_size': 8192, 'min_num_res': 48, 'l_types': ['GLU', 'LEU', 'ALA', 'ASP', 'SER', 'VAL', 'GLY', 'THR', 'ARG', 'PHE', 'TYR', 'ILE', 'PRO', 'ASN', 'LYS', 'GLN', 'HIS', 'TRP', 'MET', 'CYS'], 'r_types': [['GLU', 'LEU', 'ALA', 'ASP', 'SER', 'VAL', 'GLY', 'THR', 'ARG', 'PHE', 'TYR', 'ILE', 'PRO', 'ASN', 'LYS', 'GLN', 'HIS', 'TRP', 'MET', 'CYS'], ['DA', 'DT', 'DG', 'DC', 'A', 'U', 'G', 'C'], ['MG', 'ZN', 'CL', 'CA', 'NA', 'MN', 'K', 'IOD', 'CD', 'CU', 'FE', 'NI', 'SR', 'BR', 'CO', 'HG'], ['SO4', 'NAG', 'PO4', 'EDO', 'ACT', 'MAN', 'HEM', 'FMT', 'BMA', 'ADP', 'FAD', 'NAD', 'NO3', 'GLC', 'ATP', 'NAP', 'BGC', 'GDP', 'FUC', 'FES', 'FMN', 'GAL', 'GTP', 'PLP', 'MLI', 'ANP', 'H4B', 'AMP', 'NDP', 'SAH', 'OXY'], ['PLM', 'CLR', 'CDL', 'RET']]}
{'run_name': 'model__2025-03-23_17-37', 'output_dir': 'save', 'reload': True, 'device': 'cpu', 'num_epochs': 500, 'batch_size': 1, 'log_step': 1225, 'eval_step': 1225, 'eval_size': 636, 'learning_rate': 0.001, 'pos_weight_factor': 0.5, 'comment': ''}
>>> Model
> 3344273 parameters
> training data size: 114658
>>> start extracting the features
>>> Configuration
{'dataset_filepath': '/home/yw7bh/data/Projects/FunBench/ProBST/experiments/contacts_rr5A_64nn_8192.h5', 'train_selection_filepath': '/home/yw7bh/data/Projects/FunBench/ProBST/datasets/subunits_train_set.txt', 'test_selection_filepath': '/home/yw7bh/data/Projects/FunBench/ProBST/datasets/subunits_validation_set.txt', 'new_selection_filepath': '/home/yw7bh/data/Projects/FunBench/construct_testset/data/nonredundant_thre-2022-01-01_seq-id-0.3.txt', 'max_ba': 1, 'max_size': 8192, 'min_num_res': 48, 'l_types': ['GLU', 'LEU', 'ALA', 'ASP', 'SER', 'VAL', 'GLY', 'THR', 'ARG', 'PHE', 'TYR', 'ILE', 'PRO', 'ASN', 'LYS', 'GLN', 'HIS', 'TRP', 'MET', 'CYS'], 'r_types': [['GLU', 'LEU', 'ALA', 'ASP', 'SER', 'VAL', 'GLY', 'THR', 'ARG', 'PHE', 'TYR', 'ILE', 'PRO', 'ASN', 'LYS', 'GLN', 'HIS', 'TRP', 'MET', 'CYS'], ['DA', 'DT', 'DG', 'DC', 'A', 'U', 'G', 'C'], ['MG', 'ZN', 'CL', 'CA', 'NA', 'MN', 'K', 'IOD', 'CD', 'CU', 'FE', 'NI', 'SR', 'BR', 'CO', 'HG'], ['SO4', 'NAG', 'PO4', 'EDO', 'ACT', 'MAN', 'HEM', 'FMT', 'BMA', 'ADP', 'FAD', 'NAD', 'NO3', 'GLC', 'ATP', 'NAP', 'BGC', 'GDP', 'FUC', 'FES', 'FMN', 'GAL', 'GTP', 'PLP', 'MLI', 'ANP', 'H4B', 'AMP', 'NDP', 'SAH', 'OXY'], ['PLM', 'CLR', 'CDL', 'RET']]}
{'run_name': 'model__2025-03-23_17-39', 'output_dir': 'save', 'reload': True, 'device': 'cpu', 'num_epochs': 500, 'batch_size': 1, 'log_step': 1225, 'eval_step': 1225, 'eval_size': 636, 'learning_rate': 0.001, 'pos_weight_factor': 0.5, 'comment': ''}
>>> Model
> 3344273 parameters
> training data size: 114658
>>> start extracting the features
>>> Configuration
{'dataset_filepath': '/home/yw7bh/data/Projects/FunBench/ProBST/experiments/contacts_rr5A_64nn_8192.h5', 'train_selection_filepath': '/home/yw7bh/data/Projects/FunBench/ProBST/datasets/subunits_train_set.txt', 'test_selection_filepath': '/home/yw7bh/data/Projects/FunBench/ProBST/datasets/subunits_validation_set.txt', 'new_selection_filepath': '/home/yw7bh/data/Projects/FunBench/construct_testset/data/nonredundant_thre-2022-01-01_seq-id-0.3.txt', 'max_ba': 1, 'max_size': 8192, 'min_num_res': 48, 'l_types': ['GLU', 'LEU', 'ALA', 'ASP', 'SER', 'VAL', 'GLY', 'THR', 'ARG', 'PHE', 'TYR', 'ILE', 'PRO', 'ASN', 'LYS', 'GLN', 'HIS', 'TRP', 'MET', 'CYS'], 'r_types': [['GLU', 'LEU', 'ALA', 'ASP', 'SER', 'VAL', 'GLY', 'THR', 'ARG', 'PHE', 'TYR', 'ILE', 'PRO', 'ASN', 'LYS', 'GLN', 'HIS', 'TRP', 'MET', 'CYS'], ['DA', 'DT', 'DG', 'DC', 'A', 'U', 'G', 'C'], ['MG', 'ZN', 'CL', 'CA', 'NA', 'MN', 'K', 'IOD', 'CD', 'CU', 'FE', 'NI', 'SR', 'BR', 'CO', 'HG'], ['SO4', 'NAG', 'PO4', 'EDO', 'ACT', 'MAN', 'HEM', 'FMT', 'BMA', 'ADP', 'FAD', 'NAD', 'NO3', 'GLC', 'ATP', 'NAP', 'BGC', 'GDP', 'FUC', 'FES', 'FMN', 'GAL', 'GTP', 'PLP', 'MLI', 'ANP', 'H4B', 'AMP', 'NDP', 'SAH', 'OXY'], ['PLM', 'CLR', 'CDL', 'RET']]}
{'run_name': 'model__2025-03-23_17-42', 'output_dir': 'save', 'reload': True, 'device': 'cpu', 'num_epochs': 500, 'batch_size': 1, 'log_step': 1225, 'eval_step': 1225, 'eval_size': 636, 'learning_rate': 0.001, 'pos_weight_factor': 0.5, 'comment': ''}
>>> Model
> 3344273 parameters
> training data size: 114658
>>> start extracting the features
>>> Configuration
{'dataset_filepath': '/home/yw7bh/data/Projects/FunBench/ProBST/experiments/contacts_rr5A_64nn_8192.h5', 'train_selection_filepath': '/home/yw7bh/data/Projects/FunBench/ProBST/datasets/subunits_train_set.txt', 'test_selection_filepath': '/home/yw7bh/data/Projects/FunBench/ProBST/datasets/subunits_validation_set.txt', 'new_selection_filepath': '/home/yw7bh/data/Projects/FunBench/construct_testset/data/nonredundant_thre-2022-01-01_seq-id-0.3.txt', 'max_ba': 1, 'max_size': 8192, 'min_num_res': 48, 'l_types': ['GLU', 'LEU', 'ALA', 'ASP', 'SER', 'VAL', 'GLY', 'THR', 'ARG', 'PHE', 'TYR', 'ILE', 'PRO', 'ASN', 'LYS', 'GLN', 'HIS', 'TRP', 'MET', 'CYS'], 'r_types': [['GLU', 'LEU', 'ALA', 'ASP', 'SER', 'VAL', 'GLY', 'THR', 'ARG', 'PHE', 'TYR', 'ILE', 'PRO', 'ASN', 'LYS', 'GLN', 'HIS', 'TRP', 'MET', 'CYS'], ['DA', 'DT', 'DG', 'DC', 'A', 'U', 'G', 'C'], ['MG', 'ZN', 'CL', 'CA', 'NA', 'MN', 'K', 'IOD', 'CD', 'CU', 'FE', 'NI', 'SR', 'BR', 'CO', 'HG'], ['SO4', 'NAG', 'PO4', 'EDO', 'ACT', 'MAN', 'HEM', 'FMT', 'BMA', 'ADP', 'FAD', 'NAD', 'NO3', 'GLC', 'ATP', 'NAP', 'BGC', 'GDP', 'FUC', 'FES', 'FMN', 'GAL', 'GTP', 'PLP', 'MLI', 'ANP', 'H4B', 'AMP', 'NDP', 'SAH', 'OXY'], ['PLM', 'CLR', 'CDL', 'RET']]}
{'run_name': 'model__2025-03-23_17-45', 'output_dir': 'save', 'reload': True, 'device': 'cpu', 'num_epochs': 500, 'batch_size': 1, 'log_step': 1225, 'eval_step': 1225, 'eval_size': 636, 'learning_rate': 0.001, 'pos_weight_factor': 0.5, 'comment': ''}
>>> Model
> 3344273 parameters
> training data size: 114658
>>> start extracting the features
>>> Configuration
{'dataset_filepath': '/home/yw7bh/data/Projects/FunBench/ProBST/experiments/contacts_rr5A_64nn_8192.h5', 'train_selection_filepath': '/home/yw7bh/data/Projects/FunBench/ProBST/datasets/subunits_train_set.txt', 'test_selection_filepath': '/home/yw7bh/data/Projects/FunBench/ProBST/datasets/subunits_validation_set.txt', 'new_selection_filepath': '/home/yw7bh/data/Projects/FunBench/construct_testset/data/nonredundant_thre-2022-01-01_seq-id-0.3.txt', 'max_ba': 1, 'max_size': 8192, 'min_num_res': 48, 'l_types': ['GLU', 'LEU', 'ALA', 'ASP', 'SER', 'VAL', 'GLY', 'THR', 'ARG', 'PHE', 'TYR', 'ILE', 'PRO', 'ASN', 'LYS', 'GLN', 'HIS', 'TRP', 'MET', 'CYS'], 'r_types': [['GLU', 'LEU', 'ALA', 'ASP', 'SER', 'VAL', 'GLY', 'THR', 'ARG', 'PHE', 'TYR', 'ILE', 'PRO', 'ASN', 'LYS', 'GLN', 'HIS', 'TRP', 'MET', 'CYS'], ['DA', 'DT', 'DG', 'DC', 'A', 'U', 'G', 'C'], ['MG', 'ZN', 'CL', 'CA', 'NA', 'MN', 'K', 'IOD', 'CD', 'CU', 'FE', 'NI', 'SR', 'BR', 'CO', 'HG'], ['SO4', 'NAG', 'PO4', 'EDO', 'ACT', 'MAN', 'HEM', 'FMT', 'BMA', 'ADP', 'FAD', 'NAD', 'NO3', 'GLC', 'ATP', 'NAP', 'BGC', 'GDP', 'FUC', 'FES', 'FMN', 'GAL', 'GTP', 'PLP', 'MLI', 'ANP', 'H4B', 'AMP', 'NDP', 'SAH', 'OXY'], ['PLM', 'CLR', 'CDL', 'RET']]}
{'run_name': 'model__2025-03-23_17-48', 'output_dir': 'save', 'reload': True, 'device': 'cpu', 'num_epochs': 500, 'batch_size': 1, 'log_step': 1225, 'eval_step': 1225, 'eval_size': 636, 'learning_rate': 0.001, 'pos_weight_factor': 0.5, 'comment': ''}
>>> Model
> 3344273 parameters
> training data size: 114658
>>> start extracting the features
>>> Configuration
{'dataset_filepath': '/home/yw7bh/data/Projects/FunBench/ProBST/experiments/contacts_rr5A_64nn_8192.h5', 'train_selection_filepath': '/home/yw7bh/data/Projects/FunBench/ProBST/datasets/subunits_train_set.txt', 'test_selection_filepath': '/home/yw7bh/data/Projects/FunBench/ProBST/datasets/subunits_validation_set.txt', 'new_selection_filepath': '/home/yw7bh/data/Projects/FunBench/construct_testset/data/nonredundant_thre-2022-01-01_seq-id-0.3.txt', 'max_ba': 1, 'max_size': 8192, 'min_num_res': 48, 'l_types': ['GLU', 'LEU', 'ALA', 'ASP', 'SER', 'VAL', 'GLY', 'THR', 'ARG', 'PHE', 'TYR', 'ILE', 'PRO', 'ASN', 'LYS', 'GLN', 'HIS', 'TRP', 'MET', 'CYS'], 'r_types': [['GLU', 'LEU', 'ALA', 'ASP', 'SER', 'VAL', 'GLY', 'THR', 'ARG', 'PHE', 'TYR', 'ILE', 'PRO', 'ASN', 'LYS', 'GLN', 'HIS', 'TRP', 'MET', 'CYS'], ['DA', 'DT', 'DG', 'DC', 'A', 'U', 'G', 'C'], ['MG', 'ZN', 'CL', 'CA', 'NA', 'MN', 'K', 'IOD', 'CD', 'CU', 'FE', 'NI', 'SR', 'BR', 'CO', 'HG'], ['SO4', 'NAG', 'PO4', 'EDO', 'ACT', 'MAN', 'HEM', 'FMT', 'BMA', 'ADP', 'FAD', 'NAD', 'NO3', 'GLC', 'ATP', 'NAP', 'BGC', 'GDP', 'FUC', 'FES', 'FMN', 'GAL', 'GTP', 'PLP', 'MLI', 'ANP', 'H4B', 'AMP', 'NDP', 'SAH', 'OXY'], ['PLM', 'CLR', 'CDL', 'RET']]}
{'run_name': 'model__2025-03-23_19-35', 'output_dir': 'save', 'reload': True, 'device': 'cpu', 'num_epochs': 500, 'batch_size': 1, 'log_step': 1225, 'eval_step': 1225, 'eval_size': 636, 'learning_rate': 0.001, 'pos_weight_factor': 0.5, 'comment': ''}
>>> Model
> 3344273 parameters
> training data size: 114658
>>> start extracting the features
>>> Configuration
{'dataset_filepath': '/home/yw7bh/data/Projects/FunBench/ProBST/experiments/contacts_rr5A_64nn_8192.h5', 'train_selection_filepath': '/home/yw7bh/data/Projects/FunBench/ProBST/datasets/subunits_train_set.txt', 'test_selection_filepath': '/home/yw7bh/data/Projects/FunBench/ProBST/datasets/subunits_validation_set.txt', 'new_selection_filepath': '/home/yw7bh/data/Projects/FunBench/construct_testset/data/nonredundant_thre-2022-01-01_seq-id-0.3.txt', 'max_ba': 1, 'max_size': 8192, 'min_num_res': 48, 'l_types': ['GLU', 'LEU', 'ALA', 'ASP', 'SER', 'VAL', 'GLY', 'THR', 'ARG', 'PHE', 'TYR', 'ILE', 'PRO', 'ASN', 'LYS', 'GLN', 'HIS', 'TRP', 'MET', 'CYS'], 'r_types': [['GLU', 'LEU', 'ALA', 'ASP', 'SER', 'VAL', 'GLY', 'THR', 'ARG', 'PHE', 'TYR', 'ILE', 'PRO', 'ASN', 'LYS', 'GLN', 'HIS', 'TRP', 'MET', 'CYS'], ['DA', 'DT', 'DG', 'DC', 'A', 'U', 'G', 'C'], ['MG', 'ZN', 'CL', 'CA', 'NA', 'MN', 'K', 'IOD', 'CD', 'CU', 'FE', 'NI', 'SR', 'BR', 'CO', 'HG'], ['SO4', 'NAG', 'PO4', 'EDO', 'ACT', 'MAN', 'HEM', 'FMT', 'BMA', 'ADP', 'FAD', 'NAD', 'NO3', 'GLC', 'ATP', 'NAP', 'BGC', 'GDP', 'FUC', 'FES', 'FMN', 'GAL', 'GTP', 'PLP', 'MLI', 'ANP', 'H4B', 'AMP', 'NDP', 'SAH', 'OXY'], ['PLM', 'CLR', 'CDL', 'RET']]}
{'run_name': 'model__2025-03-23_19-40', 'output_dir': 'save', 'reload': True, 'device': 'cpu', 'num_epochs': 500, 'batch_size': 1, 'log_step': 1225, 'eval_step': 1225, 'eval_size': 636, 'learning_rate': 0.001, 'pos_weight_factor': 0.5, 'comment': ''}
>>> Model
> 3344273 parameters
> training data size: 114658
>>> start extracting the features
>>> Configuration
{'dataset_filepath': '/home/yw7bh/data/Projects/FunBench/ProBST/experiments/contacts_rr5A_64nn_8192.h5', 'train_selection_filepath': '/home/yw7bh/data/Projects/FunBench/ProBST/datasets/subunits_train_set.txt', 'test_selection_filepath': '/home/yw7bh/data/Projects/FunBench/ProBST/datasets/subunits_validation_set.txt', 'new_selection_filepath': '/home/yw7bh/data/Projects/FunBench/construct_testset/data/nonredundant_thre-2022-01-01_seq-id-0.3.txt', 'max_ba': 1, 'max_size': 8192, 'min_num_res': 48, 'l_types': ['GLU', 'LEU', 'ALA', 'ASP', 'SER', 'VAL', 'GLY', 'THR', 'ARG', 'PHE', 'TYR', 'ILE', 'PRO', 'ASN', 'LYS', 'GLN', 'HIS', 'TRP', 'MET', 'CYS'], 'r_types': [['GLU', 'LEU', 'ALA', 'ASP', 'SER', 'VAL', 'GLY', 'THR', 'ARG', 'PHE', 'TYR', 'ILE', 'PRO', 'ASN', 'LYS', 'GLN', 'HIS', 'TRP', 'MET', 'CYS'], ['DA', 'DT', 'DG', 'DC', 'A', 'U', 'G', 'C'], ['MG', 'ZN', 'CL', 'CA', 'NA', 'MN', 'K', 'IOD', 'CD', 'CU', 'FE', 'NI', 'SR', 'BR', 'CO', 'HG'], ['SO4', 'NAG', 'PO4', 'EDO', 'ACT', 'MAN', 'HEM', 'FMT', 'BMA', 'ADP', 'FAD', 'NAD', 'NO3', 'GLC', 'ATP', 'NAP', 'BGC', 'GDP', 'FUC', 'FES', 'FMN', 'GAL', 'GTP', 'PLP', 'MLI', 'ANP', 'H4B', 'AMP', 'NDP', 'SAH', 'OXY'], ['PLM', 'CLR', 'CDL', 'RET']]}
{'run_name': 'model__2025-03-24_09-33', 'output_dir': 'save', 'reload': True, 'device': 'cpu', 'num_epochs': 500, 'batch_size': 1, 'log_step': 1225, 'eval_step': 1225, 'eval_size': 636, 'learning_rate': 0.001, 'pos_weight_factor': 0.5, 'comment': ''}
>>> Model
> 3344273 parameters
> training data size: 114658
>>> start extracting the features
